<?xml version="1.0" encoding="UTF-8"?>
<!-- Generated by org.testng.reporters.JUnitXMLReporter -->
<testsuite hostname="DESKTOP-GUVQNQC" name="Command line test" tests="1" failures="1" timestamp="18 Sep 2019 05:33:26 GMT" time="7.828" errors="0">
  <testcase name="testEasy" time="0.331" classname="example.NewTest">
    <failure type="java.lang.AssertionError" message="expected [true] but found [false]">
      <![CDATA[java.lang.AssertionError: expected [true] but found [false]
	at example.NewTest.testEasy(NewTest.java:17)
... Removed 37 stack frames]]>
    </failure>
  </testcase> <!-- testEasy -->
</testsuite> <!-- Command line test -->
